#
# There is insufficient memory for the Java Runtime Environment to continue.
# Native memory allocation (malloc) failed to allocate 157936 bytes for Chunk::new
# Possible reasons:
#   The system is out of physical RAM or swap space
#   In 32 bit mode, the process size limit was hit
# Possible solutions:
#   Reduce memory load on the system
#   Increase physical memory or swap space
#   Check if swap backing store is full
#   Use 64 bit Java on a 64 bit OS
#   Decrease Java heap size (-Xmx/-Xms)
#   Decrease number of Java threads
#   Decrease Java thread stack sizes (-Xss)
#   Set larger code cache with -XX:ReservedCodeCacheSize=
# This output file may be truncated or incomplete.
#
#  Out of Memory Error (allocation.cpp:390), pid=8308, tid=0x000000000000112c
#
# JRE version: OpenJDK Runtime Environment (8.0_112-b06) (build 1.8.0_112-release-b06)
# Java VM: OpenJDK 64-Bit Server VM (25.112-b06 mixed mode windows-amd64 compressed oops)
# Failed to write core dump. Minidumps are not enabled by default on client versions of Windows
#

---------------  T H R E A D  ---------------

Current thread (0x0000000058b78800):  JavaThread "C2 CompilerThread0" daemon [_thread_in_native, id=4396, stack(0x0000000059110000,0x0000000059210000)]

Stack: [0x0000000059110000,0x0000000059210000]
[error occurred during error reporting (printing stack bounds), id 0xc0000005]

Native frames: (J=compiled Java code, j=interpreted, Vv=VM code, C=native code)


Current CompileTask:
C2:   2390  924       4       java.io.DataInputStream::readInt (72 bytes)


---------------  P R O C E S S  ---------------

Java Threads: ( => current thread )
  0x0000000058c18000 JavaThread "Service Thread" daemon [_thread_blocked, id=5908, stack(0x00000000595f0000,0x00000000596f0000)]
  0x0000000058ba0000 JavaThread "C1 CompilerThread2" daemon [_thread_in_native, id=10832, stack(0x0000000059360000,0x0000000059460000)]
  0x0000000058b7a000 JavaThread "C2 CompilerThread1" daemon [_thread_blocked, id=7176, stack(0x00000000588d0000,0x00000000589d0000)]
=>0x0000000058b78800 JavaThread "C2 CompilerThread0" daemon [_thread_in_native, id=4396, stack(0x0000000059110000,0x0000000059210000)]
  0x0000000058b56800 JavaThread "Monitor Ctrl-Break" daemon [_thread_in_native, id=8476, stack(0x0000000058f80000,0x0000000059080000)]
  0x000000005728f000 JavaThread "Attach Listener" daemon [_thread_blocked, id=248, stack(0x0000000058a10000,0x0000000058b10000)]
  0x000000005728c000 JavaThread "Signal Dispatcher" daemon [_thread_blocked, id=11220, stack(0x0000000058790000,0x0000000058890000)]
  0x0000000057278000 JavaThread "Finalizer" daemon [_thread_blocked, id=9976, stack(0x0000000058300000,0x0000000058400000)]
  0x0000000057231000 JavaThread "Reference Handler" daemon [_thread_blocked, id=6344, stack(0x0000000058640000,0x0000000058740000)]
  0x0000000001e48000 JavaThread "main" [_thread_in_native, id=11696, stack(0x0000000002160000,0x0000000002260000)]

Other Threads:
  0x0000000057229000 VMThread [stack: 0x0000000058430000,0x0000000058530000] [id=12260]
  0x0000000058c31800 WatcherThread [stack: 0x0000000059780000,0x0000000059880000] [id=11712]

VM state:not at safepoint (normal execution)

VM Mutex/Monitor currently owned by a thread: None

Heap:
 PSYoungGen      total 38400K, used 26849K [0x00000000d5a00000, 0x00000000d8480000, 0x0000000100000000)
  eden space 33280K, 80% used [0x00000000d5a00000,0x00000000d7438728,0x00000000d7a80000)
  from space 5120K, 0% used [0x00000000d7f80000,0x00000000d7f80000,0x00000000d8480000)
  to   space 5120K, 0% used [0x00000000d7a80000,0x00000000d7a80000,0x00000000d7f80000)
 ParOldGen       total 87552K, used 0K [0x0000000080e00000, 0x0000000086380000, 0x00000000d5a00000)
  object space 87552K, 0% used [0x0000000080e00000,0x0000000080e00000,0x0000000086380000)
 Metaspace       used 10443K, capacity 10640K, committed 10752K, reserved 1058816K
  class space    used 1176K, capacity 1256K, committed 1280K, reserved 1048576K

Card table byte_map: [0x0000000011a70000,0x0000000011e70000] byte_map_base: 0x0000000011669000

Marking Bits: (ParMarkBitMap*) 0x000000006c6b18f0
 Begin Bits: [0x0000000012510000, 0x00000000144d8000)
 End Bits:   [0x00000000144d8000, 0x00000000164a0000)

Polling page: 0x0000000000330000

CodeCache: size=245760Kb used=3436Kb max_used=3450Kb free=242323Kb
 bounds [0x00000000026b0000, 0x0000000002a20000, 0x00000000116b0000]
 total_blobs=1295 nmethods=925 adapters=285
 compilation: enabled

Compilation events (10 events):
Event: 2.366 Thread 0x0000000058ba0000  920       3       sun.util.calendar.CalendarDate::setLeapYear (6 bytes)
Event: 2.366 Thread 0x0000000058b7a000  921       4       sun.net.www.ParseUtil::encodePath (336 bytes)
Event: 2.367 Thread 0x0000000058ba0000 nmethod 920 0x0000000002a06d50 code [0x0000000002a06ea0, 0x0000000002a06ff0]
Event: 2.369 Thread 0x0000000058b78800  922       4       java.util.HashSet::add (20 bytes)
Event: 2.369 Thread 0x0000000058ba0000  923       3       java.util.StringTokenizer::scanToken (179 bytes)
Event: 2.370 Thread 0x0000000058ba0000 nmethod 923 0x0000000002a07690 code [0x0000000002a07900, 0x0000000002a08bd8]
Event: 2.378 Thread 0x0000000058b78800 nmethod 922 0x0000000002a0d790 code [0x0000000002a0d960, 0x0000000002a0e0d0]
Event: 2.378 Thread 0x0000000058b78800  924       4       java.io.DataInputStream::readInt (72 bytes)
Event: 2.388 Thread 0x0000000058b7a000 nmethod 921 0x0000000002a0abd0 code [0x0000000002a0ad60, 0x0000000002a0bb18]
Event: 2.388 Thread 0x0000000058b7a000  930       4       java.util.ArrayList::get (11 bytes)

GC Heap History (0 events):
No events

Deoptimization events (10 events):
Event: 0.537 Thread 0x0000000001e48000 Uncommon trap: reason=unstable_if action=reinterpret pc=0x0000000002832a9c method=java.lang.CharacterDataLatin1.digit(II)I @ 82
Event: 0.558 Thread 0x0000000001e48000 Uncommon trap: reason=unstable_if action=reinterpret pc=0x000000000284a49c method=java.util.concurrent.ConcurrentHashMap.putVal(Ljava/lang/Object;Ljava/lang/Object;Z)Ljava/lang/Object; @ 181
Event: 0.595 Thread 0x0000000001e48000 Uncommon trap: reason=null_check action=make_not_entrant pc=0x00000000028882a8 method=java.lang.String.equals(Ljava/lang/Object;)Z @ 8
Event: 1.981 Thread 0x0000000001e48000 Uncommon trap: reason=unstable_if action=reinterpret pc=0x0000000002834c44 method=java.lang.CharacterDataLatin1.digit(II)I @ 82
Event: 2.188 Thread 0x0000000001e48000 Uncommon trap: reason=unstable_if action=reinterpret pc=0x0000000002802944 method=java.lang.String.startsWith(Ljava/lang/String;I)Z @ 25
Event: 2.372 Thread 0x0000000001e48000 Uncommon trap: reason=class_check action=maybe_recompile pc=0x000000000298fa58 method=java.io.DataInputStream.readInt()I @ 4
Event: 2.372 Thread 0x0000000001e48000 Uncommon trap: reason=class_check action=maybe_recompile pc=0x000000000298fa58 method=java.io.DataInputStream.readInt()I @ 4
Event: 2.372 Thread 0x0000000001e48000 Uncommon trap: reason=class_check action=maybe_recompile pc=0x000000000298fa58 method=java.io.DataInputStream.readInt()I @ 4
Event: 2.372 Thread 0x0000000001e48000 Uncommon trap: reason=class_check action=maybe_recompile pc=0x000000000298fa58 method=java.io.DataInputStream.readInt()I @ 4
Event: 2.380 Thread 0x0000000001e48000 Uncommon trap: reason=unstable_if action=reinterpret pc=0x000000000281aa50 method=java.io.BufferedReader.readLine(Z)Ljava/lang/String; @ 55

Internal exceptions (10 events):
Event: 0.281 Thread 0x0000000001e48000 Exception <a 'java/security/PrivilegedActionException'> (0x00000000d5d8b510) thrown at [C:\src\android\AOSP-openjdk\external\jetbrains\jdk\hotspot\src\share\vm\prims\jvm.cpp, line 1390]
Event: 0.281 Thread 0x0000000001e48000 Exception <a 'java/security/PrivilegedActionException'> (0x00000000d5d8b720) thrown at [C:\src\android\AOSP-openjdk\external\jetbrains\jdk\hotspot\src\share\vm\prims\jvm.cpp, line 1390]
Event: 0.282 Thread 0x0000000001e48000 Exception <a 'java/security/PrivilegedActionException'> (0x00000000d5d8f308) thrown at [C:\src\android\AOSP-openjdk\external\jetbrains\jdk\hotspot\src\share\vm\prims\jvm.cpp, line 1390]
Event: 0.282 Thread 0x0000000001e48000 Exception <a 'java/security/PrivilegedActionException'> (0x00000000d5d8f518) thrown at [C:\src\android\AOSP-openjdk\external\jetbrains\jdk\hotspot\src\share\vm\prims\jvm.cpp, line 1390]
Event: 0.282 Thread 0x0000000001e48000 Exception <a 'java/security/PrivilegedActionException'> (0x00000000d5d90a48) thrown at [C:\src\android\AOSP-openjdk\external\jetbrains\jdk\hotspot\src\share\vm\prims\jvm.cpp, line 1390]
Event: 0.282 Thread 0x0000000001e48000 Exception <a 'java/security/PrivilegedActionException'> (0x00000000d5d90c58) thrown at [C:\src\android\AOSP-openjdk\external\jetbrains\jdk\hotspot\src\share\vm\prims\jvm.cpp, line 1390]
Event: 0.371 Thread 0x0000000001e48000 Exception <a 'java/lang/NoClassDefFoundError': org/apache/log4j/Priority> (0x00000000d5fc4830) thrown at [C:\src\android\AOSP-openjdk\external\jetbrains\jdk\hotspot\src\share\vm\classfile\systemDictionary.cpp, line 199]
Event: 0.514 Thread 0x0000000001e48000 Exception <a 'java/lang/NoSuchFieldError': method resolution failed> (0x00000000d6243260) thrown at [C:\src\android\AOSP-openjdk\external\jetbrains\jdk\hotspot\src\share\vm\prims\methodHandles.cpp, line 1146]
Event: 0.516 Thread 0x0000000001e48000 Exception <a 'java/lang/NoSuchFieldError': method resolution failed> (0x00000000d6251448) thrown at [C:\src\android\AOSP-openjdk\external\jetbrains\jdk\hotspot\src\share\vm\prims\methodHandles.cpp, line 1146]
Event: 0.595 Thread 0x0000000001e48000 Implicit null exception at 0x00000000028880d2 to 0x0000000002888299

Events (10 events):
Event: 2.386 loading class com/google/gson/LongSerializationPolicy$2
Event: 2.386 loading class com/google/gson/LongSerializationPolicy$2 done
Event: 2.387 loading class com/google/gson/JsonElement
Event: 2.387 loading class com/google/gson/JsonElement done
Event: 2.387 loading class com/google/gson/JsonPrimitive
Event: 2.387 loading class com/google/gson/JsonPrimitive done
Event: 2.388 loading class com/google/gson/FieldNamingPolicy
Event: 2.388 loading class com/google/gson/FieldNamingPolicy done
Event: 2.388 loading class com/google/gson/FieldNamingPolicy$1
Event: 2.388 loading class com/google/gson/FieldNamingPolicy$1 done


Dynamic libraries:
0x000000013ff10000 - 0x000000013ff41000 	C:\Program Files\Android\Android Studio\jre\bin\java.exe
0x0000000076d30000 - 0x0000000076ed9000 	C:\Windows\SYSTEM32\ntdll.dll
0x0000000076c10000 - 0x0000000076d2f000 	C:\Windows\system32\kernel32.dll
0x000007fefcf30000 - 0x000007fefcf9b000 	C:\Windows\system32\KERNELBASE.dll
0x000007fefed10000 - 0x000007fefedeb000 	C:\Windows\system32\ADVAPI32.dll
0x000007fefec70000 - 0x000007fefed0f000 	C:\Windows\system32\msvcrt.dll
0x000007fefef30000 - 0x000007fefef4f000 	C:\Windows\SYSTEM32\sechost.dll
0x000007fefd160000 - 0x000007fefd28d000 	C:\Windows\system32\RPCRT4.dll
0x0000000076b10000 - 0x0000000076c0a000 	C:\Windows\system32\USER32.dll
0x000007fefefd0000 - 0x000007feff037000 	C:\Windows\system32\GDI32.dll
0x000007fefedf0000 - 0x000007fefedfe000 	C:\Windows\system32\LPK.dll
0x000007fefd680000 - 0x000007fefd749000 	C:\Windows\system32\USP10.dll
0x000007fefb6e0000 - 0x000007fefb8d4000 	C:\Windows\WinSxS\amd64_microsoft.windows.common-controls_6595b64144ccf1df_6.0.7601.17514_none_fa396087175ac9ac\COMCTL32.dll
0x000007fefef50000 - 0x000007fefefc1000 	C:\Windows\system32\SHLWAPI.dll
0x000007fefd090000 - 0x000007fefd0be000 	C:\Windows\system32\IMM32.DLL
0x000007fefd750000 - 0x000007fefd859000 	C:\Windows\system32\MSCTF.dll
0x0000000073420000 - 0x00000000734f2000 	C:\Program Files\Android\Android Studio\jre\jre\bin\msvcr100.dll
0x000000006bef0000 - 0x000000006c72c000 	C:\Program Files\Android\Android Studio\jre\jre\bin\server\jvm.dll
0x000007fef8610000 - 0x000007fef8619000 	C:\Windows\system32\WSOCK32.dll
0x000007fefd040000 - 0x000007fefd08d000 	C:\Windows\system32\WS2_32.dll
0x000007fefdae0000 - 0x000007fefdae8000 	C:\Windows\system32\NSI.dll
0x000007fefaca0000 - 0x000007fefacdb000 	C:\Windows\system32\WINMM.dll
0x000007fefbd70000 - 0x000007fefbd7c000 	C:\Windows\system32\VERSION.dll
0x0000000076f00000 - 0x0000000076f07000 	C:\Windows\system32\PSAPI.DLL
0x000007fefaaa0000 - 0x000007fefaaaf000 	C:\Program Files\Android\Android Studio\jre\jre\bin\verify.dll
0x000007fef4720000 - 0x000007fef4749000 	C:\Program Files\Android\Android Studio\jre\jre\bin\java.dll
0x000007fef46f0000 - 0x000007fef4713000 	C:\Program Files\Android\Android Studio\jre\jre\bin\instrument.dll
0x000007fef80c0000 - 0x000007fef80d6000 	C:\Program Files\Android\Android Studio\jre\jre\bin\zip.dll
0x000007fefdee0000 - 0x000007fefec68000 	C:\Windows\system32\SHELL32.dll
0x000007fefdbd0000 - 0x000007fefddd3000 	C:\Windows\system32\ole32.dll
0x000007fefcc30000 - 0x000007fefcc3f000 	C:\Windows\system32\profapi.dll
0x000007fef75c0000 - 0x000007fef75da000 	C:\Program Files\JetBrains\IntelliJ IDEA 2017.2.4\bin\breakgen64.dll
0x000007fef6160000 - 0x000007fef617a000 	C:\Program Files\Android\Android Studio\jre\jre\bin\net.dll
0x000007fefc4a0000 - 0x000007fefc4f5000 	C:\Windows\system32\mswsock.dll
0x000007fefc490000 - 0x000007fefc497000 	C:\Windows\System32\wship6.dll
0x000007fef4680000 - 0x000007fef46a4000 	C:\Program Files\Android\Android Studio\jre\jre\bin\sunec.dll
0x000007fefc500000 - 0x000007fefc517000 	C:\Windows\system32\CRYPTSP.dll
0x000007fefc200000 - 0x000007fefc247000 	C:\Windows\system32\rsaenh.dll
0x000007fefbf70000 - 0x000007fefbf8e000 	C:\Windows\system32\USERENV.dll
0x000007fefcb60000 - 0x000007fefcb6f000 	C:\Windows\system32\CRYPTBASE.dll
0x000007fefa520000 - 0x000007fefa547000 	C:\Windows\system32\IPHLPAPI.DLL
0x000007fefa510000 - 0x000007fefa51b000 	C:\Windows\system32\WINNSI.DLL
0x000007fefa000000 - 0x000007fefa011000 	C:\Windows\system32\dhcpcsvc6.DLL
0x000007fef9f80000 - 0x000007fef9f98000 	C:\Windows\system32\dhcpcsvc.DLL
0x000007fef46d0000 - 0x000007fef46e1000 	C:\Program Files\Android\Android Studio\jre\jre\bin\nio.dll
0x000007fefbe40000 - 0x000007fefbe47000 	C:\Windows\System32\wshtcpip.dll
0x000007fefc320000 - 0x000007fefc37b000 	C:\Windows\system32\DNSAPI.dll
0x000007fef9380000 - 0x000007fef9388000 	C:\Windows\system32\rasadhlp.dll
0x000007fefa410000 - 0x000007fefa463000 	C:\Windows\System32\fwpuclnt.dll
0x000007fef7650000 - 0x000007fef765b000 	C:\Program Files\Android\Android Studio\jre\jre\bin\sunmscapi.dll
0x000007fefcd20000 - 0x000007fefce87000 	C:\Windows\system32\CRYPT32.dll
0x000007fefccd0000 - 0x000007fefccdf000 	C:\Windows\system32\MSASN1.dll

VM Arguments:
jvm_args: -javaagent:C:\Program Files\JetBrains\IntelliJ IDEA 2017.2.4\lib\idea_rt.jar=53069:C:\Program Files\JetBrains\IntelliJ IDEA 2017.2.4\bin -Dfile.encoding=UTF-8 
java_command: hodlbot.Main
java_class_path (initial): C:\Program Files\Android\Android Studio\jre\jre\lib\charsets.jar;C:\Program Files\Android\Android Studio\jre\jre\lib\ext\access-bridge-64.jar;C:\Program Files\Android\Android Studio\jre\jre\lib\ext\cldrdata.jar;C:\Program Files\Android\Android Studio\jre\jre\lib\ext\dnsns.jar;C:\Program Files\Android\Android Studio\jre\jre\lib\ext\jaccess.jar;C:\Program Files\Android\Android Studio\jre\jre\lib\ext\localedata.jar;C:\Program Files\Android\Android Studio\jre\jre\lib\ext\nashorn.jar;C:\Program Files\Android\Android Studio\jre\jre\lib\ext\sunec.jar;C:\Program Files\Android\Android Studio\jre\jre\lib\ext\sunjce_provider.jar;C:\Program Files\Android\Android Studio\jre\jre\lib\ext\sunmscapi.jar;C:\Program Files\Android\Android Studio\jre\jre\lib\ext\sunpkcs11.jar;C:\Program Files\Android\Android Studio\jre\jre\lib\ext\zipfs.jar;C:\Program Files\Android\Android Studio\jre\jre\lib\jce.jar;C:\Program Files\Android\Android Studio\jre\jre\lib\jsse.jar;C:\Program Files\Android\Android Studio\jre\jre\lib\management-agent.jar;C:\Program Files\Android\Android Studio\jre\jre\lib\resources.jar;C:\Program Files\Android\Android Studio\jre\jre\lib\rt.jar;C:\Users\boppler\Desktop\hodlbot\target\classes;C:\Users\boppler\.m2\repository\com\google\code\gson\gson\2.4\gson-2.4.jar;C:\Users\boppler\.m2\repository\org\apache\httpcomponents\httpclient\4.5.2\httpclient-4.5.2.jar;C:\Users\boppler\.m2\repository\org\apache\httpcomponents\httpcore\4.4.4\httpcore-4.4.4.jar;C:\Users\boppler\.m2\repository\commons-logging\commons-logging\1.2\commons-logging-1.2.jar;C:\Users\boppler\.m2\repository\commons-codec\commons-codec\1.9\commons-codec-1.9.jar;C:\Program Files\JetBrains\IntelliJ IDEA 2017.2.4\lib\idea_rt.jar
Launcher Type: SUN_STANDARD

Environment Variables:
JAVA_HOME=C:\Program Files (x86)\Java\jre1.8.0_66
PATH=C:\ProgramData\Oracle\Java\javapath;C:\Windows\system32;C:\Windows;C:\Windows\System32\Wbem;C:\Windows\System32\WindowsPowerShell\v1.0\;C:\Program Files (x86)\AMD\ATI.ACE\Core-Static;C:\Program Files (x86)\NVIDIA Corporation\PhysX\Common;C:\Users\boppler\AppData\Local\Android\sdk\platform-tools;C:\Program Files\Git\cmd;C:\Program Files (x86)\GtkSharp\2.12\bin;C:\Program Files\Geth;C:\Users\boppler\AppData\Local\Programs\Python\Python36-32\Scripts\;C:\Users\boppler\AppData\Local\Programs\Python\Python36-32\;C:\Program Files (x86)\Microsoft VS Code\bin
USERNAME=boppler
OS=Windows_NT
PROCESSOR_IDENTIFIER=AMD64 Family 21 Model 48 Stepping 1, AuthenticAMD



---------------  S Y S T E M  ---------------

OS: Windows 7 , 64 bit Build 7601 (6.1.7601.18015)

CPU:total 4 (4 cores per cpu, 1 threads per core) family 21 model 48 stepping 1, cmov, cx8, fxsr, mmx, sse, sse2, sse3, ssse3, sse4.1, sse4.2, popcnt, avx, aes, clmul, mmxext, 3dnowpref, lzcnt, sse4a, tsc, tscinvbit, tscinv, bmi1

Memory: 4k page, physical 8328616k(1204876k free), swap 9821032k(5184k free)

vm_info: OpenJDK 64-Bit Server VM (25.112-b06) for windows-amd64 JRE (1.8.0_112-release-b06), built on Dec  8 2016 00:54:26 by "builder" with MS VC++ 10.0 (VS2010)

time: Wed Sep 27 00:41:27 2017
elapsed time: 2 seconds (0d 0h 0m 2s)

